<?xml version="1.0" encoding="UTF-8"?>
<testsuite xmlns:xsi="http://www.w3.org/2001/XMLSchema-instance" xsi:noNamespaceSchemaLocation="https://maven.apache.org/surefire/maven-surefire-plugin/xsd/surefire-test-report-3.0.xsd" version="3.0" name="br.com.fiap.FastServiceApplicationTests" time="5.068" tests="1" errors="0" skipped="0" failures="0">
  <properties>
[...]
</properties>
  <testcase name="contextLoads" classname="br.com.fiap.FastServiceApplicationTests" time="0.321">
    <system-out><![CDATA[15:21:42.882 [main] INFO org.springframework.test.context.support.AnnotationConfigContextLoaderUtils -- Could not detect default configuration classes for test class [br.com.fiap.FastServiceApplicationTests]: FastServiceApplicationTests does not declare any static, non-private, non-final, nested classes annotated with @Configuration.
15:21:42.970 [main] INFO org.springframework.boot.test.context.SpringBootTestContextBootstrapper -- Found @SpringBootConfiguration br.com.fiap.FastServiceApplication for test class br.com.fiap.FastServiceApplicationTests

  .   ____          _            __ _ _
 /\\ / ___'_ __ _ _(_)_ __  __ _ \ \ \ \
( ( )\___ | '_ | '_| | '_ \/ _` | \ \ \ \
 \\/  ___)| |_)| | | | | || (_| |  ) ) ) )
  '  |____| .__|_| |_|_| |_\__, | / / / /
 =========|_|==============|___/=/_/_/_/

 :: Spring Boot ::                (v3.3.2)

2024-08-08T15:21:43.322-03:00  INFO 48988 --- [fast-service] [           main] b.com.fiap.FastServiceApplicationTests   : Starting FastServiceApplicationTests using Java 21.0.3 with PID 48988 (started by furla in C:\Users\furla\OneDrive\Repositorio\fast-service)
2024-08-08T15:21:43.323-03:00  INFO 48988 --- [fast-service] [           main] b.com.fiap.FastServiceApplicationTests   : No active profile set, falling back to 1 default profile: "default"
2024-08-08T15:21:44.197-03:00  INFO 48988 --- [fast-service] [           main] .s.d.r.c.RepositoryConfigurationDelegate : Bootstrapping Spring Data JPA repositories in DEFAULT mode.
2024-08-08T15:21:44.262-03:00  INFO 48988 --- [fast-service] [           main] .s.d.r.c.RepositoryConfigurationDelegate : Finished Spring Data repository scanning in 55 ms. Found 2 JPA repository interfaces.
2024-08-08T15:21:44.876-03:00  INFO 48988 --- [fast-service] [           main] o.hibernate.jpa.internal.util.LogHelper  : HHH000204: Processing PersistenceUnitInfo [name: default]
2024-08-08T15:21:44.967-03:00  INFO 48988 --- [fast-service] [           main] org.hibernate.Version                    : HHH000412: Hibernate ORM core version 6.5.2.Final
2024-08-08T15:21:45.013-03:00  INFO 48988 --- [fast-service] [           main] o.h.c.internal.RegionFactoryInitiator    : HHH000026: Second-level cache disabled
2024-08-08T15:21:45.316-03:00  INFO 48988 --- [fast-service] [           main] o.s.o.j.p.SpringPersistenceUnitInfo      : No LoadTimeWeaver setup: ignoring JPA class transformer
2024-08-08T15:21:45.334-03:00  INFO 48988 --- [fast-service] [           main] com.zaxxer.hikari.HikariDataSource       : HikariPool-1 - Starting...
2024-08-08T15:21:45.483-03:00  INFO 48988 --- [fast-service] [           main] com.zaxxer.hikari.pool.HikariPool        : HikariPool-1 - Added connection org.postgresql.jdbc.PgConnection@3e4afd10
2024-08-08T15:21:45.484-03:00  INFO 48988 --- [fast-service] [           main] com.zaxxer.hikari.HikariDataSource       : HikariPool-1 - Start completed.
2024-08-08T15:21:46.237-03:00  INFO 48988 --- [fast-service] [           main] o.h.e.t.j.p.i.JtaPlatformInitiator       : HHH000489: No JTA platform available (set 'hibernate.transaction.jta.platform' to enable JTA platform integration)
2024-08-08T15:21:46.291-03:00  INFO 48988 --- [fast-service] [           main] j.LocalContainerEntityManagerFactoryBean : Initialized JPA EntityManagerFactory for persistence unit 'default'
2024-08-08T15:21:47.463-03:00  INFO 48988 --- [fast-service] [           main] b.com.fiap.FastServiceApplicationTests   : Started FastServiceApplicationTests in 4.384 seconds (process running for 5.242)
]]></system-out>
    <system-err><![CDATA[WARNING: A Java agent has been loaded dynamically (C:\Users\furla\.m2\repository\net\bytebuddy\byte-buddy-agent\1.14.18\byte-buddy-agent-1.14.18.jar)
WARNING: If a serviceability tool is in use, please run with -XX:+EnableDynamicAgentLoading to hide this warning
WARNING: If a serviceability tool is not in use, please run with -Djdk.instrument.traceUsage for more information
WARNING: Dynamic loading of agents will be disallowed by default in a future release
]]></system-err>
  </testcase>
</testsuite>